<?xml version="1.0" encoding="UTF-8"?>
<coverage generated="1501080200061" clover="3.2.0">
  <project timestamp="1501080200062" name="All files">
    <metrics statements="70" coveredstatements="69" conditionals="14" coveredconditionals="11" methods="30" coveredmethods="28" elements="114" coveredelements="108" complexity="0" loc="70" ncloc="70" packages="5" files="6" classes="6">
      <package name="actions">
        <metrics statements="4" coveredstatements="4" conditionals="0" coveredconditionals="0" methods="4" coveredmethods="4"/>
        <file name="index.tsx" path="/home/harishsoni/Harish/testApp/src/actions/index.tsx">
          <metrics statements="4" coveredstatements="4" conditionals="0" coveredconditionals="0" methods="4" coveredmethods="4"/>
          <line num="8" count="4" type="stmt"/>
          <line num="15" count="4" type="stmt"/>
          <line num="22" count="4" type="stmt"/>
          <line num="29" count="4" type="stmt"/>
        </file>
      </package>
      <package name="components.App">
        <metrics statements="9" coveredstatements="9" conditionals="0" coveredconditionals="0" methods="1" coveredmethods="1"/>
        <file name="App.tsx" path="/home/harishsoni/Harish/testApp/src/components/App/App.tsx">
          <metrics statements="9" coveredstatements="9" conditionals="0" coveredconditionals="0" methods="1" coveredmethods="1"/>
          <line num="1" count="1" type="stmt"/>
          <line num="2" count="1" type="stmt"/>
          <line num="3" count="1" type="stmt"/>
          <line num="4" count="1" type="stmt"/>
          <line num="5" count="1" type="stmt"/>
          <line num="6" count="1" type="stmt"/>
          <line num="7" count="1" type="stmt"/>
          <line num="10" count="1" type="stmt"/>
          <line num="25" count="1" type="stmt"/>
        </file>
      </package>
      <package name="components.DoneList">
        <metrics statements="12" coveredstatements="12" conditionals="0" coveredconditionals="0" methods="6" coveredmethods="5"/>
        <file name="DoneListView.tsx" path="/home/harishsoni/Harish/testApp/src/components/DoneList/DoneListView.tsx">
          <metrics statements="12" coveredstatements="12" conditionals="0" coveredconditionals="0" methods="6" coveredmethods="5"/>
          <line num="1" count="2" type="stmt"/>
          <line num="2" count="2" type="stmt"/>
          <line num="3" count="2" type="stmt"/>
          <line num="19" count="2" type="stmt"/>
          <line num="21" count="1" type="stmt"/>
          <line num="22" count="1" type="stmt"/>
          <line num="24" count="1" type="stmt"/>
          <line num="28" count="1" type="stmt"/>
          <line num="46" count="1" type="stmt"/>
          <line num="57" count="2" type="stmt"/>
          <line num="62" count="2" type="stmt"/>
          <line num="63" count="2" type="stmt"/>
        </file>
      </package>
      <package name="components.TODOList">
        <metrics statements="13" coveredstatements="13" conditionals="0" coveredconditionals="0" methods="8" coveredmethods="7"/>
        <file name="TODOListView.tsx" path="/home/harishsoni/Harish/testApp/src/components/TODOList/TODOListView.tsx">
          <metrics statements="13" coveredstatements="13" conditionals="0" coveredconditionals="0" methods="8" coveredmethods="7"/>
          <line num="1" count="2" type="stmt"/>
          <line num="2" count="2" type="stmt"/>
          <line num="3" count="2" type="stmt"/>
          <line num="20" count="2" type="stmt"/>
          <line num="22" count="1" type="stmt"/>
          <line num="23" count="1" type="stmt"/>
          <line num="25" count="1" type="stmt"/>
          <line num="35" count="1" type="stmt"/>
          <line num="46" count="1" type="stmt"/>
          <line num="55" count="1" type="stmt"/>
          <line num="67" count="1" type="stmt"/>
          <line num="85" count="2" type="stmt"/>
          <line num="86" count="2" type="stmt"/>
        </file>
      </package>
      <package name="reducer">
        <metrics statements="32" coveredstatements="31" conditionals="14" coveredconditionals="11" methods="11" coveredmethods="11"/>
        <file name="doneReducer.tsx" path="/home/harishsoni/Harish/testApp/src/reducer/doneReducer.tsx">
          <metrics statements="9" coveredstatements="9" conditionals="4" coveredconditionals="3" methods="4" coveredmethods="4"/>
          <line num="3" count="1" type="stmt"/>
          <line num="11" count="3" type="stmt"/>
          <line num="12" count="1" type="stmt"/>
          <line num="15" count="1" type="cond" truecount="0" falsecount="1"/>
          <line num="19" count="1" type="stmt"/>
          <line num="20" count="1" type="stmt"/>
          <line num="23" count="3" type="stmt"/>
          <line num="24" count="1" type="stmt"/>
          <line num="27" count="1" type="stmt"/>
        </file>
        <file name="todoReducer.tsx" path="/home/harishsoni/Harish/testApp/src/reducer/todoReducer.tsx">
          <metrics statements="23" coveredstatements="22" conditionals="10" coveredconditionals="8" methods="7" coveredmethods="7"/>
          <line num="3" count="1" type="stmt"/>
          <line num="11" count="3" type="stmt"/>
          <line num="12" count="1" type="stmt"/>
          <line num="17" count="6" type="stmt"/>
          <line num="18" count="5" type="stmt"/>
          <line num="20" count="2" type="cond" truecount="2" falsecount="0"/>
          <line num="21" count="1" type="cond" truecount="1" falsecount="1"/>
          <line num="22" count="0" type="stmt"/>
          <line num="24" count="1" type="stmt"/>
          <line num="25" count="1" type="stmt"/>
          <line num="27" count="1" type="stmt"/>
          <line num="28" count="1" type="stmt"/>
          <line num="32" count="1" type="cond" truecount="0" falsecount="1"/>
          <line num="36" count="3" type="stmt"/>
          <line num="37" count="1" type="stmt"/>
          <line num="40" count="1" type="stmt"/>
          <line num="41" count="1" type="stmt"/>
          <line num="44" count="1" type="stmt"/>
          <line num="45" count="1" type="stmt"/>
          <line num="48" count="1" type="stmt"/>
          <line num="49" count="1" type="stmt"/>
          <line num="52" count="1" type="stmt"/>
          <line num="53" count="1" type="stmt"/>
        </file>
      </package>
    </metrics>
  </project>
</coverage>
