{"/home/harishsoni/Harish/testApp/dist/actions/index.jsx":{"path":"/home/harishsoni/Harish/testApp/src/actions/index.tsx","statementMap":{"0":{"start":{"line":2,"column":0},"end":{"line":2,"column":62}},"1":{"start":{"line":4,"column":4},"end":{"line":7,"column":6}},"2":{"start":{"line":9,"column":0},"end":{"line":9,"column":28}},"3":{"start":{"line":11,"column":4},"end":{"line":14,"column":6}},"4":{"start":{"line":16,"column":0},"end":{"line":16,"column":28}},"5":{"start":{"line":18,"column":4},"end":{"line":21,"column":6}},"6":{"start":{"line":23,"column":0},"end":{"line":23,"column":24}},"7":{"start":{"line":25,"column":4},"end":{"line":28,"column":6}},"8":{"start":{"line":30,"column":0},"end":{"line":30,"column":28}}},"fnMap":{"0":{"name":"doneTodo","decl":{"start":{"line":3,"column":9},"end":{"line":3,"column":17}},"loc":{"start":{"line":3,"column":22},"end":{"line":8,"column":1}},"line":3},"1":{"name":"toBeDone","decl":{"start":{"line":10,"column":9},"end":{"line":10,"column":17}},"loc":{"start":{"line":10,"column":22},"end":{"line":15,"column":1}},"line":10},"2":{"name":"moveUp","decl":{"start":{"line":17,"column":9},"end":{"line":17,"column":15}},"loc":{"start":{"line":17,"column":20},"end":{"line":22,"column":1}},"line":17},"3":{"name":"moveDown","decl":{"start":{"line":24,"column":9},"end":{"line":24,"column":17}},"loc":{"start":{"line":24,"column":22},"end":{"line":29,"column":1}},"line":24}},"branchMap":{},"s":{"0":4,"1":1,"2":4,"3":1,"4":4,"5":1,"6":4,"7":1,"8":4},"f":{"0":1,"1":1,"2":1,"3":1},"b":{},"inputSourceMap":{"version":3,"file":"index.js","sourceRoot":"","sources":["index.tsx"],"names":[],"mappings":";;AAOA,kBAAyB,EAAU;IAChC,MAAM,CAAA;QACD,IAAI,EAAG,MAAM;QACb,EAAE;KACL,CAAC;AACN,CAAC;AALD,4BAKC;AAED,kBAAyB,EAAU;IAChC,MAAM,CAAC;QACF,IAAI,EAAG,UAAU;QACjB,EAAE;KACL,CAAC;AACN,CAAC;AALD,4BAKC;AAED,gBAAuB,EAAU;IAC7B,MAAM,CAAC;QACH,IAAI,EAAE,QAAQ;QACd,EAAE;KACL,CAAC;AACN,CAAC;AALD,wBAKC;AAED,kBAAyB,EAAU;IAC/B,MAAM,CAAC;QACH,IAAI,EAAE,UAAU;QAChB,EAAE;KACL,CAAC;AACN,CAAC;AALD,4BAKC","sourcesContent":["export interface ITodo {\n    type: string;\n    id: number;\n}\n\nexport type TodoAction = ITodo;\n\nexport function doneTodo(id: number): ITodo {\n   return{\n        type : 'DONE',\n        id\n    };\n}\n\nexport function toBeDone(id: number): ITodo {\n   return {\n        type : 'TOBEDONE',\n        id\n    };\n}\n\nexport function moveUp(id: number): ITodo {\n    return {\n        type: 'MOVEUP',\n        id\n    };\n}\n\nexport function moveDown(id: number): ITodo {\n    return {\n        type: 'MOVEDOWN',\n        id\n    };\n}"]},"_coverageSchema":"332fd63041d2c1bcb487cc26dd0d5f7d97098a6c","hash":"5b18279f3e83cac7b2f8c2761a3984013f1ebf9f"},"/home/harishsoni/Harish/testApp/dist/components/App/App.jsx":{"path":"/home/harishsoni/Harish/testApp/src/components/App/App.tsx","statementMap":{"0":{"start":{"line":2,"column":0},"end":{"line":2,"column":62}},"1":{"start":{"line":3,"column":14},"end":{"line":3,"column":30}},"2":{"start":{"line":4,"column":0},"end":{"line":4,"column":21}},"3":{"start":{"line":5,"column":23},"end":{"line":5,"column":58}},"4":{"start":{"line":6,"column":23},"end":{"line":6,"column":58}},"5":{"start":{"line":7,"column":0},"end":{"line":7,"column":35}},"6":{"start":{"line":8,"column":0},"end":{"line":8,"column":44}},"7":{"start":{"line":9,"column":0},"end":{"line":9,"column":45}},"8":{"start":{"line":12,"column":8},"end":{"line":18,"column":70}},"9":{"start":{"line":21,"column":0},"end":{"line":21,"column":22}}},"fnMap":{"0":{"name":"(anonymous_0)","decl":{"start":{"line":11,"column":4},"end":{"line":11,"column":5}},"loc":{"start":{"line":11,"column":13},"end":{"line":19,"column":5}},"line":11}},"branchMap":{},"s":{"0":1,"1":1,"2":1,"3":1,"4":1,"5":1,"6":1,"7":1,"8":1,"9":1},"f":{"0":1},"b":{},"inputSourceMap":{"version":3,"file":"App.js","sourceRoot":"","sources":["App.tsx"],"names":[],"mappings":";;AAAA,+BAA+B;AAC/B,qBAAmB;AACnB,2DAAoD;AACpD,2DAAoD;AACpD,mCAAiC;AACjC,OAAO,CAAC,kCAAkC,CAAC,CAAC;AAC5C,6CAA2C;AAC3C,SAAU,SAAQ,KAAK,CAAC,SAAiB;IACrC,MAAM;QACF,MAAM,CAAC,CACH,6BAAK,SAAS,EAAC,eAAe;YAC1B,4CAAkB;YAClB,+BAAM;YACN,6BAAK,SAAS,EAAC,mBAAmB;gBAChC,oBAAC,uBAAQ,OAAG,CACR;YACN,6BAAK,SAAS,EAAC,mBAAmB;gBAChC,oBAAC,uBAAQ,OAAG,CACR,CACJ,CACT,CAAC;IACN,CAAC;CACJ;AAED,kBAAe,GAAG,CAAC","sourcesContent":["import * as React from 'react';\nimport './App.css';\nimport { TODOList } from '../TODOList/TODOListView';\nimport { DoneList } from '../DoneList/DoneListView';\nimport '../../styles/styles.css';\nrequire('bootstrap/dist/css/bootstrap.css');\nimport '../../styles/font-awesome.min.css';\nclass App extends React.Component<{}, {}> {\n    render() {\n        return (\n            <div className=\"App container\">\n                <h3>TODO List</h3>\n                <hr />\n                <div className=\"col-md-6 col-xs-6\">\n                  <TODOList />\n                </div>\n                <div className=\"col-md-6 col-xs-6\">\n                  <DoneList />\n                </div>\n            </div>\n        );\n    }\n}\n\nexport default App;\n"]},"_coverageSchema":"332fd63041d2c1bcb487cc26dd0d5f7d97098a6c","hash":"24268eeb445928ef4449e1310058ce7970bcd37d"},"/home/harishsoni/Harish/testApp/dist/components/DoneList/DoneListView.jsx":{"path":"/home/harishsoni/Harish/testApp/src/components/DoneList/DoneListView.tsx","statementMap":{"0":{"start":{"line":2,"column":0},"end":{"line":2,"column":62}},"1":{"start":{"line":3,"column":14},"end":{"line":3,"column":30}},"2":{"start":{"line":4,"column":22},"end":{"line":4,"column":44}},"3":{"start":{"line":5,"column":16},"end":{"line":5,"column":46}},"4":{"start":{"line":8,"column":8},"end":{"line":8,"column":28}},"5":{"start":{"line":9,"column":8},"end":{"line":16,"column":10}},"6":{"start":{"line":10,"column":12},"end":{"line":15,"column":16}},"7":{"start":{"line":11,"column":16},"end":{"line":14,"column":114}},"8":{"start":{"line":11,"column":111},"end":{"line":11,"column":139}},"9":{"start":{"line":19,"column":8},"end":{"line":21,"column":92}},"10":{"start":{"line":24,"column":0},"end":{"line":24,"column":36}},"11":{"start":{"line":26,"column":4},"end":{"line":28,"column":6}},"12":{"start":{"line":30,"column":0},"end":{"line":30,"column":42}},"13":{"start":{"line":31,"column":15},"end":{"line":31,"column":99}},"14":{"start":{"line":32,"column":0},"end":{"line":32,"column":28}}},"fnMap":{"0":{"name":"(anonymous_0)","decl":{"start":{"line":7,"column":4},"end":{"line":7,"column":5}},"loc":{"start":{"line":7,"column":18},"end":{"line":17,"column":5}},"line":7},"1":{"name":"(anonymous_1)","decl":{"start":{"line":9,"column":30},"end":{"line":9,"column":31}},"loc":{"start":{"line":9,"column":36},"end":{"line":16,"column":9}},"line":9},"2":{"name":"(anonymous_2)","decl":{"start":{"line":10,"column":40},"end":{"line":10,"column":41}},"loc":{"start":{"line":10,"column":48},"end":{"line":15,"column":13}},"line":10},"3":{"name":"(anonymous_3)","decl":{"start":{"line":11,"column":105},"end":{"line":11,"column":106}},"loc":{"start":{"line":11,"column":111},"end":{"line":11,"column":139}},"line":11},"4":{"name":"(anonymous_4)","decl":{"start":{"line":18,"column":4},"end":{"line":18,"column":5}},"loc":{"start":{"line":18,"column":13},"end":{"line":22,"column":5}},"line":18},"5":{"name":"mapStateToProps","decl":{"start":{"line":25,"column":9},"end":{"line":25,"column":24}},"loc":{"start":{"line":25,"column":32},"end":{"line":29,"column":1}},"line":25}},"branchMap":{},"s":{"0":2,"1":2,"2":2,"3":2,"4":1,"5":1,"6":1,"7":1,"8":1,"9":1,"10":2,"11":2,"12":2,"13":2,"14":2},"f":{"0":1,"1":1,"2":1,"3":1,"4":1,"5":2},"b":{},"inputSourceMap":{"version":3,"file":"DoneListView.js","sourceRoot":"","sources":["DoneListView.tsx"],"names":[],"mappings":";;AAAA,+BAA+B;AAC/B,6CAAsC;AACtC,+CAA+C;AAgB/C,kBAA0B,SAAQ,KAAK,CAAC,SAAwB;IAAhE;;QAEI,mBAAc,GAAG;YACb,MAAM,CAAC,CACH,IAAI,CAAC,KAAK,CAAC,IAAI,CAAC,GAAG,CAAC,IAAI;gBACpB,MAAM,CAAC,CACH,4BACI,GAAG,EAAE,IAAI,CAAC,EAAE,EACZ,SAAS,EAAC,iBAAiB,EAC3B,OAAO,EAAE,MAAM,IAAI,CAAC,KAAK,CAAC,QAAQ,CAAC,IAAI,CAAC,EAAE,CAAC;oBAC7C,IAAI,CAAC,IAAI;oBACP,6BACI,SAAS,EAAC,wBAAwB;wBAElC,2BACI,SAAS,EAAC,sBAAsB,iBACpB,MAAM,GACpB,CACA,CACL,CAER,CAAC;YACN,CAAC,CAAC,CACL,CAAC;QACN,CAAC,CAAA;IAYL,CAAC;IAVG,MAAM;QACF,MAAM,CAAC,CACH;YACI,uCAAa;YACb,4BAAI,SAAS,EAAC,YAAY,IACrB,IAAI,CAAC,cAAc,EAAE,CACrB,CACH,CACT,CAAC;IACN,CAAC;CACJ;AApCD,oCAoCC;AAED,yBAAgC,KAAa;IACzC,MAAM,CAAC;QACH,IAAI,EAAE,KAAK,CAAC,IAAI;KACnB,CAAC;AACN,CAAC;AAJD,0CAIC;AACD,IAAI,QAAQ,GAAG,qBAAO,CAAC,eAAe,EAAE,EAAE,QAAQ,EAAR,gBAAQ,EAAE,CAAC,CAAC,YAAmB,CAAC,CAAC;AACnE,4BAAQ","sourcesContent":["import * as React from 'react';\nimport { connect } from 'react-redux';\nimport { toBeDone } from '../../actions/index';\n\ninterface IDoneList {\n    done: IDone[];\n    toBeDone: Function;\n}\n\ninterface IState {\n    done: IDone[];\n}\n\ninterface IDone {\n    id: number;\n    todo: string;\n}\n\nexport class DoneListView extends React.Component<IDoneList, {}> {\n\n    renderDoneList = () => {\n        return (\n            this.props.done.map(item => {\n                return (\n                    <li\n                        key={item.id}\n                        className=\"list-group-item\"\n                        onClick={() => this.props.toBeDone(item.id)}\n                    >{item.todo}\n                        <div\n                            className=\"list-item right-button\"\n                        >\n                            <i\n                                className=\"fa fa-check-square-o\"\n                                aria-hidden=\"true\"\n                            />\n                        </div>\n                    </li>\n\n                );\n            })\n        );\n    }\n\n    render() {\n        return (\n            <div>\n                <h4>Done</h4>\n                <ul className=\"list-group\">\n                    {this.renderDoneList()}\n                </ul>\n            </div>\n        );\n    }\n}\n\nexport function mapStateToProps(state: IState) {\n    return {\n        done: state.done\n    };\n}\nlet DoneList = connect(mapStateToProps, { toBeDone })(DoneListView as any);\nexport {DoneList};\n"]},"_coverageSchema":"332fd63041d2c1bcb487cc26dd0d5f7d97098a6c","hash":"d844002b130e6c735d3a98754ab456184ea7ab56"},"/home/harishsoni/Harish/testApp/dist/components/TODOList/TODOListView.jsx":{"path":"/home/harishsoni/Harish/testApp/src/components/TODOList/TODOListView.tsx","statementMap":{"0":{"start":{"line":2,"column":0},"end":{"line":2,"column":62}},"1":{"start":{"line":3,"column":14},"end":{"line":3,"column":30}},"2":{"start":{"line":4,"column":22},"end":{"line":4,"column":44}},"3":{"start":{"line":5,"column":16},"end":{"line":5,"column":46}},"4":{"start":{"line":8,"column":8},"end":{"line":8,"column":28}},"5":{"start":{"line":9,"column":8},"end":{"line":21,"column":10}},"6":{"start":{"line":10,"column":12},"end":{"line":20,"column":16}},"7":{"start":{"line":11,"column":16},"end":{"line":19,"column":153}},"8":{"start":{"line":14,"column":66},"end":{"line":14,"column":92}},"9":{"start":{"line":17,"column":66},"end":{"line":17,"column":94}},"10":{"start":{"line":19,"column":66},"end":{"line":19,"column":94}},"11":{"start":{"line":24,"column":8},"end":{"line":26,"column":92}},"12":{"start":{"line":29,"column":0},"end":{"line":29,"column":36}},"13":{"start":{"line":31,"column":4},"end":{"line":33,"column":6}},"14":{"start":{"line":35,"column":0},"end":{"line":35,"column":42}},"15":{"start":{"line":36,"column":15},"end":{"line":36,"column":151}},"16":{"start":{"line":37,"column":0},"end":{"line":37,"column":28}}},"fnMap":{"0":{"name":"(anonymous_0)","decl":{"start":{"line":7,"column":4},"end":{"line":7,"column":5}},"loc":{"start":{"line":7,"column":18},"end":{"line":22,"column":5}},"line":7},"1":{"name":"(anonymous_1)","decl":{"start":{"line":9,"column":30},"end":{"line":9,"column":31}},"loc":{"start":{"line":9,"column":36},"end":{"line":21,"column":9}},"line":9},"2":{"name":"(anonymous_2)","decl":{"start":{"line":10,"column":41},"end":{"line":10,"column":42}},"loc":{"start":{"line":10,"column":49},"end":{"line":20,"column":13}},"line":10},"3":{"name":"(anonymous_3)","decl":{"start":{"line":14,"column":60},"end":{"line":14,"column":61}},"loc":{"start":{"line":14,"column":66},"end":{"line":14,"column":92}},"line":14},"4":{"name":"(anonymous_4)","decl":{"start":{"line":17,"column":60},"end":{"line":17,"column":61}},"loc":{"start":{"line":17,"column":66},"end":{"line":17,"column":94}},"line":17},"5":{"name":"(anonymous_5)","decl":{"start":{"line":19,"column":60},"end":{"line":19,"column":61}},"loc":{"start":{"line":19,"column":66},"end":{"line":19,"column":94}},"line":19},"6":{"name":"(anonymous_6)","decl":{"start":{"line":23,"column":4},"end":{"line":23,"column":5}},"loc":{"start":{"line":23,"column":13},"end":{"line":27,"column":5}},"line":23},"7":{"name":"mapStateToProps","decl":{"start":{"line":30,"column":9},"end":{"line":30,"column":24}},"loc":{"start":{"line":30,"column":32},"end":{"line":34,"column":1}},"line":30}},"branchMap":{},"s":{"0":2,"1":2,"2":2,"3":2,"4":1,"5":1,"6":1,"7":1,"8":1,"9":1,"10":1,"11":1,"12":2,"13":2,"14":2,"15":2,"16":2},"f":{"0":1,"1":1,"2":1,"3":1,"4":1,"5":1,"6":1,"7":2},"b":{},"inputSourceMap":{"version":3,"file":"TODOListView.js","sourceRoot":"","sources":["TODOListView.tsx"],"names":[],"mappings":";;AAAA,+BAA+B;AAC/B,6CAAsC;AACtC,+CAAiE;AAiBjE,kBAA0B,SAAQ,KAAK,CAAC,SAAwB;IAAhE;;QAEI,mBAAc,GAAG;YACb,MAAM,CAAC,CACH,IAAI,CAAC,KAAK,CAAC,KAAK,CAAC,GAAG,CAAC,IAAI;gBACrB,MAAM,CAAC,CACH,4BACI,GAAG,EAAE,IAAI,CAAC,EAAE,EACZ,SAAS,EAAC,iBAAiB;oBAE1B,IAAI,CAAC,IAAI;oBACV,6BACI,SAAS,EAAC,uBAAuB;wBAEjC,2BACI,OAAO,EAAE,MAAM,IAAI,CAAC,KAAK,CAAC,MAAM,CAAC,IAAI,CAAC,EAAE,CAAC,EACzC,SAAS,EAAC,kBAAkB,iBAChB,MAAM,GACpB,CAEA;;oBAEN,6BACI,SAAS,EAAC,uBAAuB;wBAEjC,2BACI,OAAO,EAAE,MAAM,IAAI,CAAC,KAAK,CAAC,QAAQ,CAAC,IAAI,CAAC,EAAE,CAAC,EAC3C,SAAS,EAAC,oBAAoB,iBAClB,MAAM,GACpB,CACA;oBACN,6BACI,SAAS,EAAC,wBAAwB;wBAElC,2BACI,OAAO,EAAE,MAAM,IAAI,CAAC,KAAK,CAAC,QAAQ,CAAC,IAAI,CAAC,EAAE,CAAC,EAC3C,SAAS,EAAC,gBAAgB,iBACd,MAAM,GACpB,CACA,CACL,CACR,CAAC;YACN,CAAC,CAAC,CACL,CAAC;QACN,CAAC,CAAA;IAaL,CAAC;IAXG,MAAM;QACF,MAAM,CAAC,CACH;YACI,6CAAmB;YACnB,4BAAI,SAAS,EAAC,YAAY,IACrB,IAAI,CAAC,cAAc,EAAE,CACrB,CACH,CACT,CAAC;IACN,CAAC;CAEJ;AAzDD,oCAyDC;AAED,yBAAgC,KAAa;IACzC,MAAM,CAAC;QACH,KAAK,EAAE,KAAK,CAAC,IAAI;KACpB,CAAC;AACN,CAAC;AAJD,0CAIC;AAED,IAAI,QAAQ,GAAI,qBAAO,CAAC,eAAe,EAAE,EAAE,QAAQ,EAAR,gBAAQ,EAAE,MAAM,EAAN,cAAM,EAAE,QAAQ,EAAR,gBAAQ,EAAE,CAAC,CAAC,YAAmB,CAAC,CAAC;AACpF,4BAAQ","sourcesContent":["import * as React from 'react';\nimport { connect } from 'react-redux';\nimport { doneTodo, moveUp, moveDown } from '../../actions/index';\n\ninterface ITODOList {\n    items: IItems[];\n    doneTodo: Function;\n    moveUp: Function;\n    moveDown: Function;\n}\n\ninterface IState {\n    todo: IItems[];\n}\ninterface IItems {\n    id: number;\n    todo: string;\n}\n\nexport class TODOListView extends React.Component<ITODOList, {}> {\n   \n    renderTODOList = () => {\n        return (\n            this.props.items.map(item => {\n                return (\n                    <li\n                        key={item.id}\n                        className=\"list-group-item\"\n                    >\n                        {item.todo}\n                        <div\n                            className=\"list-item left-button\"\n                        >\n                            <i\n                                onClick={() => this.props.moveUp(item.id)}\n                                className=\"fa fa-chevron-up\"\n                                aria-hidden=\"true\"\n                            />\n\n                        </div>\n                        &nbsp;\n                        <div\n                            className=\"list-item left-button\"\n                        >\n                            <i\n                                onClick={() => this.props.moveDown(item.id)}\n                                className=\"fa fa-chevron-down\"\n                                aria-hidden=\"true\"\n                            />\n                        </div>\n                        <div\n                            className=\"list-item right-button\"\n                        >\n                            <i\n                                onClick={() => this.props.doneTodo(item.id)}\n                                className=\"fa fa-square-o\"\n                                aria-hidden=\"true\"\n                            />\n                        </div>\n                    </li>\n                );\n            })  \n        );\n    }\n\n    render() {\n        return (\n            <div>\n                <h4>TODO Items</h4>\n                <ul className=\"list-group\">\n                    {this.renderTODOList()}\n                </ul>\n            </div>\n        );\n    }\n\n}\n\nexport function mapStateToProps(state: IState) {\n    return {\n        items: state.todo\n    };\n}\n\nlet TODOList  = connect(mapStateToProps, { doneTodo, moveUp, moveDown })(TODOListView as any);\nexport  { TODOList };"]},"_coverageSchema":"332fd63041d2c1bcb487cc26dd0d5f7d97098a6c","hash":"05aed5546cf277ad36c87d09ef5d75ee92a497b6"},"/home/harishsoni/Harish/testApp/dist/reducer/doneReducer.jsx":{"path":"/home/harishsoni/Harish/testApp/src/reducer/doneReducer.tsx","statementMap":{"0":{"start":{"line":2,"column":0},"end":{"line":2,"column":62}},"1":{"start":{"line":3,"column":26},"end":{"line":3,"column":54}},"2":{"start":{"line":5,"column":4},"end":{"line":14,"column":5}},"3":{"start":{"line":7,"column":23},"end":{"line":7,"column":68}},"4":{"start":{"line":8,"column":12},"end":{"line":8,"column":24}},"5":{"start":{"line":10,"column":26},"end":{"line":10,"column":69}},"6":{"start":{"line":10,"column":47},"end":{"line":10,"column":68}},"7":{"start":{"line":11,"column":12},"end":{"line":11,"column":27}},"8":{"start":{"line":13,"column":12},"end":{"line":13,"column":25}},"9":{"start":{"line":16,"column":0},"end":{"line":16,"column":20}}},"fnMap":{"0":{"name":"done","decl":{"start":{"line":4,"column":9},"end":{"line":4,"column":13}},"loc":{"start":{"line":4,"column":34},"end":{"line":15,"column":1}},"line":4},"1":{"name":"(anonymous_1)","decl":{"start":{"line":10,"column":39},"end":{"line":10,"column":40}},"loc":{"start":{"line":10,"column":47},"end":{"line":10,"column":68}},"line":10}},"branchMap":{"0":{"loc":{"start":{"line":4,"column":14},"end":{"line":4,"column":24}},"type":"default-arg","locations":[{"start":{"line":4,"column":22},"end":{"line":4,"column":24}}],"line":4},"1":{"loc":{"start":{"line":5,"column":4},"end":{"line":14,"column":5}},"type":"switch","locations":[{"start":{"line":6,"column":8},"end":{"line":8,"column":24}},{"start":{"line":9,"column":8},"end":{"line":11,"column":27}},{"start":{"line":12,"column":8},"end":{"line":13,"column":25}}],"line":5}},"s":{"0":1,"1":1,"2":3,"3":1,"4":1,"5":1,"6":2,"7":1,"8":1,"9":1},"f":{"0":3,"1":2},"b":{"0":[1],"1":[1,1,1]},"inputSourceMap":{"version":3,"file":"doneReducer.js","sourceRoot":"","sources":["doneReducer.tsx"],"names":[],"mappings":";;AAEA,uDAAyC;AAEzC,cAAqB,QAAkB,EAAE,EAAE,MAAkB;IAEzD,MAAM,CAAC,CAAC,MAAM,CAAC,IAAI,CAAC,CAAC,CAAC;QAClB,KAAK,MAAM;YACP,IAAI,IAAI,GAAG,CAAC,GAAG,KAAK,EAAE,sBAAI,CAAC,MAAM,CAAC,EAAE,CAAC,CAAC,CAAC;YACvC,MAAM,CAAC,IAAI,CAAC;QAEhB,KAAK,UAAU;YACX,IAAI,OAAO,GAAG,KAAK,CAAC,MAAM,CAAC,IAAI,IAAI,IAAI,CAAC,EAAE,KAAK,MAAM,CAAC,EAAE,CAAC,CAAC;YAC1D,MAAM,CAAC,OAAO,CAAC;QAEnB;YACI,MAAM,CAAC,KAAK,CAAC;IACrB,CAAC;AACL,CAAC;AAdD,oBAcC","sourcesContent":["import { TodoAction } from '../actions';\nimport { IState } from '../../src/interfaces';\nimport { mark } from './helperFunctions';\n\nexport function done(state: IState[] = [], action: TodoAction) {\n\n    switch (action.type) {\n        case 'DONE':\n            let list = [...state, mark(action.id)];\n            return list;\n\n        case 'TOBEDONE':\n            let newList = state.filter(item => item.id !== action.id);\n            return newList;\n\n        default:\n            return state;\n    }\n}"]},"_coverageSchema":"332fd63041d2c1bcb487cc26dd0d5f7d97098a6c","hash":"9c8649e83ec623fcdcb4068574cb97348bc4901a"},"/home/harishsoni/Harish/testApp/dist/reducer/helperFunctions.jsx":{"path":"/home/harishsoni/Harish/testApp/src/reducer/helperFunctions.tsx","statementMap":{"0":{"start":{"line":2,"column":0},"end":{"line":2,"column":62}},"1":{"start":{"line":3,"column":13},"end":{"line":3,"column":42}},"2":{"start":{"line":5,"column":21},"end":{"line":5,"column":56}},"3":{"start":{"line":5,"column":41},"end":{"line":5,"column":55}},"4":{"start":{"line":6,"column":4},"end":{"line":6,"column":22}},"5":{"start":{"line":8,"column":0},"end":{"line":8,"column":20}},"6":{"start":{"line":11,"column":19},"end":{"line":11,"column":48}},"7":{"start":{"line":11,"column":36},"end":{"line":11,"column":47}},"8":{"start":{"line":12,"column":4},"end":{"line":12,"column":20}},"9":{"start":{"line":14,"column":0},"end":{"line":14,"column":20}},"10":{"start":{"line":16,"column":18},"end":{"line":16,"column":54}},"11":{"start":{"line":16,"column":39},"end":{"line":16,"column":53}},"12":{"start":{"line":17,"column":14},"end":{"line":17,"column":55}},"13":{"start":{"line":17,"column":40},"end":{"line":17,"column":54}},"14":{"start":{"line":18,"column":4},"end":{"line":28,"column":5}},"15":{"start":{"line":19,"column":8},"end":{"line":21,"column":9}},"16":{"start":{"line":20,"column":12},"end":{"line":20,"column":25}},"17":{"start":{"line":22,"column":8},"end":{"line":22,"column":45}},"18":{"start":{"line":23,"column":8},"end":{"line":23,"column":23}},"19":{"start":{"line":26,"column":8},"end":{"line":26,"column":45}},"20":{"start":{"line":27,"column":8},"end":{"line":27,"column":23}},"21":{"start":{"line":30,"column":0},"end":{"line":30,"column":20}}},"fnMap":{"0":{"name":"mark","decl":{"start":{"line":4,"column":9},"end":{"line":4,"column":13}},"loc":{"start":{"line":4,"column":18},"end":{"line":7,"column":1}},"line":4},"1":{"name":"(anonymous_1)","decl":{"start":{"line":5,"column":31},"end":{"line":5,"column":32}},"loc":{"start":{"line":5,"column":41},"end":{"line":5,"column":55}},"line":5},"2":{"name":"done","decl":{"start":{"line":10,"column":9},"end":{"line":10,"column":13}},"loc":{"start":{"line":10,"column":18},"end":{"line":13,"column":1}},"line":10},"3":{"name":"(anonymous_3)","decl":{"start":{"line":11,"column":29},"end":{"line":11,"column":30}},"loc":{"start":{"line":11,"column":36},"end":{"line":11,"column":47}},"line":11},"4":{"name":"move","decl":{"start":{"line":15,"column":9},"end":{"line":15,"column":13}},"loc":{"start":{"line":15,"column":31},"end":{"line":29,"column":1}},"line":15},"5":{"name":"(anonymous_5)","decl":{"start":{"line":16,"column":31},"end":{"line":16,"column":32}},"loc":{"start":{"line":16,"column":39},"end":{"line":16,"column":53}},"line":16},"6":{"name":"(anonymous_6)","decl":{"start":{"line":17,"column":30},"end":{"line":17,"column":31}},"loc":{"start":{"line":17,"column":40},"end":{"line":17,"column":54}},"line":17}},"branchMap":{"0":{"loc":{"start":{"line":18,"column":4},"end":{"line":28,"column":5}},"type":"if","locations":[{"start":{"line":18,"column":4},"end":{"line":28,"column":5}},{"start":{"line":18,"column":4},"end":{"line":28,"column":5}}],"line":18},"1":{"loc":{"start":{"line":19,"column":8},"end":{"line":21,"column":9}},"type":"if","locations":[{"start":{"line":19,"column":8},"end":{"line":21,"column":9}},{"start":{"line":19,"column":8},"end":{"line":21,"column":9}}],"line":19}},"s":{"0":2,"1":2,"2":1,"3":2,"4":1,"5":2,"6":1,"7":2,"8":1,"9":2,"10":3,"11":5,"12":3,"13":4,"14":3,"15":2,"16":1,"17":1,"18":1,"19":1,"20":1,"21":2},"f":{"0":1,"1":2,"2":1,"3":2,"4":3,"5":5,"6":4},"b":{"0":[2,1],"1":[1,1]},"inputSourceMap":{"version":3,"file":"helperFunctions.js","sourceRoot":"","sources":["helperFunctions.tsx"],"names":[],"mappings":";;AAAA,MAAM,IAAI,GAAG,OAAO,CAAC,oBAAoB,CAAC,CAAC;AAG3C,cAAqB,EAAU;IAC3B,IAAI,UAAU,GAAG,IAAI,CAAC,IAAI,CAAC,CAAC,IAAiB,KAAK,IAAI,CAAC,EAAE,KAAK,EAAE,CAAC,CAAC;IAClE,MAAM,CAAC,UAAU,CAAC;AACtB,CAAC;AAHD,oBAGC;AAAA,CAAC;AAEF,cAAqB,EAAU;IAC3B,IAAI,QAAQ,GAAG,IAAI,CAAC,IAAI,CAAC,CAAC,CAAiB,KAAK,CAAC,CAAC,EAAE,KAAK,EAAE,CAAC,CAAC;IAC7D,MAAM,CAAC,QAAQ,CAAC;AACpB,CAAC;AAHD,oBAGC;AAED,cAAqB,IAAY,EAAE,EAAU,EAAE,KAAe;IAE1D,IAAI,OAAO,GAAG,KAAK,CAAC,MAAM,CAAC,IAAI,IAAI,IAAI,CAAC,EAAE,KAAK,EAAE,CAAC,CAAC;IACnD,IAAI,GAAG,GAAG,KAAK,CAAC,SAAS,CAAC,CAAC,IAAoB,KAAK,IAAI,CAAC,EAAE,KAAK,EAAE,CAAC,CAAC;IAEpE,EAAE,CAAC,CAAC,IAAI,KAAK,QAAQ,CAAC,CAAC,CAAC;QACpB,EAAE,CAAC,CAAC,GAAG,KAAK,CAAC,CAAC,CAAC,CAAC;YACZ,MAAM,CAAC,KAAK,CAAC;QACjB,CAAC;QACD,OAAO,CAAC,MAAM,CAAC,GAAG,GAAG,CAAC,EAAE,CAAC,EAAE,IAAI,CAAC,EAAE,CAAC,CAAC,CAAC;QACrC,MAAM,CAAC,OAAO,CAAC;IACnB,CAAC;IAAC,IAAI,CAAC,CAAC;QACJ,OAAO,CAAC,MAAM,CAAC,GAAG,GAAG,CAAC,EAAE,CAAC,EAAE,IAAI,CAAC,EAAE,CAAC,CAAC,CAAC;QACrC,MAAM,CAAC,OAAO,CAAC;IACnB,CAAC;AACL,CAAC;AAfD,oBAeC","sourcesContent":["const data = require('../data/todos.json');\nimport { IState } from '../../src/interfaces';\n\nexport function mark(id: number) {\n    let moveToDone = data.find((todo:{id: number}) => todo.id === id);\n    return moveToDone;\n};\n\nexport function done(id: number) {\n    let todoItem = data.find((c: { id: number }) => c.id === id);\n    return todoItem;\n}\n\nexport function move(type: string, id: number, state: IState[]) {\n\n    let newList = state.filter(item => item.id !== id);\n    let pos = state.findIndex((item: { id: number }) => item.id === id);\n\n    if (type === 'MOVEUP') {\n        if (pos === 0) {\n            return state;\n        }\n        newList.splice(pos - 1, 0, data[id]);\n        return newList;\n    } else {\n        newList.splice(pos + 1, 0, data[id]);\n        return newList;\n    }\n}\n"]},"_coverageSchema":"332fd63041d2c1bcb487cc26dd0d5f7d97098a6c","hash":"d5e5da27161dadfc58f3d82635a2f3954a2a0ae4"},"/home/harishsoni/Harish/testApp/dist/reducer/todoReducer.jsx":{"path":"/home/harishsoni/Harish/testApp/src/reducer/todoReducer.tsx","statementMap":{"0":{"start":{"line":2,"column":0},"end":{"line":2,"column":62}},"1":{"start":{"line":3,"column":26},"end":{"line":3,"column":54}},"2":{"start":{"line":4,"column":13},"end":{"line":4,"column":42}},"3":{"start":{"line":6,"column":4},"end":{"line":21,"column":5}},"4":{"start":{"line":8,"column":23},"end":{"line":8,"column":66}},"5":{"start":{"line":8,"column":44},"end":{"line":8,"column":65}},"6":{"start":{"line":9,"column":12},"end":{"line":9,"column":24}},"7":{"start":{"line":11,"column":27},"end":{"line":11,"column":72}},"8":{"start":{"line":12,"column":12},"end":{"line":12,"column":28}},"9":{"start":{"line":14,"column":26},"end":{"line":14,"column":79}},"10":{"start":{"line":15,"column":12},"end":{"line":15,"column":27}},"11":{"start":{"line":17,"column":27},"end":{"line":17,"column":80}},"12":{"start":{"line":18,"column":12},"end":{"line":18,"column":28}},"13":{"start":{"line":20,"column":12},"end":{"line":20,"column":25}},"14":{"start":{"line":23,"column":0},"end":{"line":23,"column":20}}},"fnMap":{"0":{"name":"todo","decl":{"start":{"line":5,"column":9},"end":{"line":5,"column":13}},"loc":{"start":{"line":5,"column":36},"end":{"line":22,"column":1}},"line":5},"1":{"name":"(anonymous_1)","decl":{"start":{"line":8,"column":36},"end":{"line":8,"column":37}},"loc":{"start":{"line":8,"column":44},"end":{"line":8,"column":65}},"line":8}},"branchMap":{"0":{"loc":{"start":{"line":5,"column":14},"end":{"line":5,"column":26}},"type":"default-arg","locations":[{"start":{"line":5,"column":22},"end":{"line":5,"column":26}}],"line":5},"1":{"loc":{"start":{"line":6,"column":4},"end":{"line":21,"column":5}},"type":"switch","locations":[{"start":{"line":7,"column":8},"end":{"line":9,"column":24}},{"start":{"line":10,"column":8},"end":{"line":12,"column":28}},{"start":{"line":13,"column":8},"end":{"line":15,"column":27}},{"start":{"line":16,"column":8},"end":{"line":18,"column":28}},{"start":{"line":19,"column":8},"end":{"line":20,"column":25}}],"line":6}},"s":{"0":1,"1":1,"2":1,"3":6,"4":1,"5":2,"6":1,"7":1,"8":1,"9":2,"10":2,"11":1,"12":1,"13":1,"14":1},"f":{"0":6,"1":2},"b":{"0":[1],"1":[1,1,2,1,1]},"inputSourceMap":{"version":3,"file":"todoReducer.js","sourceRoot":"","sources":["todoReducer.tsx"],"names":[],"mappings":";;AAEA,uDAA+C;AAC/C,MAAM,IAAI,GAAG,OAAO,CAAC,oBAAoB,CAAC,CAAC;AAE3C,cAAqB,QAAkB,IAAI,EAAE,MAAkB;IAE3D,MAAM,CAAC,CAAC,MAAM,CAAC,IAAI,CAAC,CAAC,CAAC;QAClB,KAAK,MAAM;YACP,IAAI,IAAI,GAAG,KAAK,CAAC,MAAM,CAAC,IAAI,IAAI,IAAI,CAAC,EAAE,KAAK,MAAM,CAAC,EAAE,CAAC,CAAC;YACvD,MAAM,CAAC,IAAI,CAAC;QAEhB,KAAK,UAAU;YACX,IAAI,QAAQ,GAAG,CAAC,GAAG,KAAK,EAAE,sBAAI,CAAC,MAAM,CAAC,EAAE,CAAC,CAAC,CAAC;YAC3C,MAAM,CAAC,QAAQ,CAAC;QAEpB,KAAK,QAAQ;YACT,IAAI,OAAO,GAAG,sBAAI,CAAC,MAAM,CAAC,IAAI,EAAE,MAAM,CAAC,EAAE,EAAE,KAAK,CAAC,CAAC;YAClD,MAAM,CAAC,OAAO,CAAC;QAEnB,KAAK,UAAU;YACX,IAAI,QAAQ,GAAG,sBAAI,CAAC,MAAM,CAAC,IAAI,EAAE,MAAM,CAAC,EAAE,EAAE,KAAK,CAAC,CAAC;YACnD,MAAM,CAAC,QAAQ,CAAC;QAEpB;YACI,MAAM,CAAC,KAAK,CAAC;IACrB,CAAC;AACL,CAAC;AAtBD,oBAsBC","sourcesContent":["import { TodoAction } from '../actions';\nimport { IState } from '../../src/interfaces';\nimport { move, done } from './helperFunctions';\nconst data = require('../data/todos.json');\n\nexport function todo(state: IState[] = data, action: TodoAction) {\n\n    switch (action.type) {\n        case 'DONE':\n            let list = state.filter(item => item.id !== action.id);\n            return list;\n\n        case 'TOBEDONE':\n            let doneList = [...state, done(action.id)];\n            return doneList;\n\n        case 'MOVEUP':\n            let newList = move(action.type, action.id, state);\n            return newList;\n\n        case 'MOVEDOWN':\n            let downList = move(action.type, action.id, state);\n            return downList;\n\n        default:\n            return state;\n    }\n}"]},"_coverageSchema":"332fd63041d2c1bcb487cc26dd0d5f7d97098a6c","hash":"bc38eb44d828249ebdd6a4c5c2f11ebe45231c30"}}