TN:
SF:/home/harishsoni/Harish/testApp/src/actions/index.tsx
FN:8,doneTodo
FN:15,toBeDone
FN:22,moveUp
FN:29,moveDown
FNF:4
FNH:4
FNDA:1,doneTodo
FNDA:1,toBeDone
FNDA:1,moveUp
FNDA:1,moveDown
DA:8,4
DA:15,4
DA:22,4
DA:29,4
LF:4
LH:4
BRF:0
BRH:0
end_of_record
TN:
SF:/home/harishsoni/Harish/testApp/src/components/App/App.tsx
FN:9,(anonymous_0)
FNF:1
FNH:1
FNDA:1,(anonymous_0)
DA:1,1
DA:2,1
DA:3,1
DA:4,1
DA:5,1
DA:6,1
DA:7,1
DA:10,1
DA:25,1
LF:9
LH:9
BRF:0
BRH:0
end_of_record
TN:
SF:/home/harishsoni/Harish/testApp/src/components/DoneList/DoneListView.tsx
FN:19,(anonymous_0)
FN:21,(anonymous_1)
FN:23,(anonymous_2)
FN:28,(anonymous_3)
FN:45,(anonymous_4)
FN:57,mapStateToProps
FNF:6
FNH:5
FNDA:1,(anonymous_0)
FNDA:1,(anonymous_1)
FNDA:1,(anonymous_2)
FNDA:1,(anonymous_3)
FNDA:1,(anonymous_4)
FNDA:0,mapStateToProps
DA:1,2
DA:2,2
DA:3,2
DA:19,2
DA:21,1
DA:22,1
DA:24,1
DA:28,1
DA:46,1
DA:57,2
DA:62,2
DA:63,2
LF:12
LH:12
BRF:0
BRH:0
end_of_record
TN:
SF:/home/harishsoni/Harish/testApp/src/components/TODOList/TODOListView.tsx
FN:20,(anonymous_0)
FN:22,(anonymous_1)
FN:24,(anonymous_2)
FN:35,(anonymous_3)
FN:46,(anonymous_4)
FN:55,(anonymous_5)
FN:66,(anonymous_6)
FN:79,mapStateToProps
FNF:8
FNH:7
FNDA:1,(anonymous_0)
FNDA:1,(anonymous_1)
FNDA:1,(anonymous_2)
FNDA:1,(anonymous_3)
FNDA:1,(anonymous_4)
FNDA:1,(anonymous_5)
FNDA:1,(anonymous_6)
FNDA:0,mapStateToProps
DA:1,2
DA:2,2
DA:3,2
DA:20,2
DA:22,1
DA:23,1
DA:25,1
DA:35,1
DA:46,1
DA:55,1
DA:67,1
DA:85,2
DA:86,2
LF:13
LH:13
BRF:0
BRH:0
end_of_record
TN:
SF:/home/harishsoni/Harish/testApp/src/reducer/doneReducer.tsx
FN:10,mark
FN:11,(anonymous_1)
FN:15,done
FN:23,(anonymous_3)
FNF:4
FNH:4
FNDA:1,mark
FNDA:2,(anonymous_1)
FNDA:3,done
FNDA:2,(anonymous_3)
DA:3,1
DA:11,3
DA:12,1
DA:15,1
DA:19,1
DA:20,1
DA:23,3
DA:24,1
DA:27,1
LF:9
LH:9
BRDA:15,0,0,0
BRDA:18,1,0,1
BRDA:18,1,1,1
BRDA:18,1,2,1
BRF:4
BRH:3
end_of_record
TN:
SF:/home/harishsoni/Harish/testApp/src/reducer/todoReducer.tsx
FN:10,done
FN:11,(anonymous_1)
FN:15,move
FN:17,(anonymous_3)
FN:18,(anonymous_4)
FN:32,todo
FN:36,(anonymous_6)
FNF:7
FNH:7
FNDA:1,done
FNDA:2,(anonymous_1)
FNDA:2,move
FNDA:4,(anonymous_3)
FNDA:3,(anonymous_4)
FNDA:5,todo
FNDA:2,(anonymous_6)
DA:3,1
DA:11,3
DA:12,1
DA:17,6
DA:18,5
DA:20,2
DA:21,1
DA:22,0
DA:24,1
DA:25,1
DA:27,1
DA:28,1
DA:32,1
DA:36,3
DA:37,1
DA:40,1
DA:41,1
DA:44,1
DA:45,1
DA:48,1
DA:49,1
DA:52,1
DA:53,1
LF:23
LH:22
BRDA:20,0,0,1
BRDA:20,0,1,1
BRDA:21,1,0,0
BRDA:21,1,1,1
BRDA:32,2,0,0
BRDA:35,3,0,1
BRDA:35,3,1,1
BRDA:35,3,2,1
BRDA:35,3,3,1
BRDA:35,3,4,1
BRF:10
BRH:8
end_of_record
