TN:
SF:/home/harishsoni/Harish/testApp/src/actions/index.tsx
FN:3,doneTodo
FN:10,toBeDone
FN:17,moveUp
FN:24,moveDown
FNF:4
FNH:0
FNDA:0,doneTodo
FNDA:0,toBeDone
FNDA:0,moveUp
FNDA:0,moveDown
DA:2,1
DA:4,0
DA:9,1
DA:11,0
DA:16,1
DA:18,0
DA:23,1
DA:25,0
DA:30,1
LF:9
LH:5
BRF:0
BRH:0
end_of_record
TN:
SF:/home/harishsoni/Harish/testApp/src/components/App/App.tsx
FN:11,(anonymous_0)
FNF:1
FNH:1
FNDA:1,(anonymous_0)
DA:2,1
DA:3,1
DA:4,1
DA:5,1
DA:6,1
DA:7,1
DA:8,1
DA:9,1
DA:12,1
DA:21,1
LF:10
LH:10
BRF:0
BRH:0
end_of_record
TN:
SF:/home/harishsoni/Harish/testApp/src/components/DoneList/DoneList.tsx
FN:7,(anonymous_0)
FN:9,(anonymous_1)
FN:10,(anonymous_2)
FN:11,(anonymous_3)
FN:18,(anonymous_4)
FN:24,mapStateToProps
FNF:6
FNH:0
FNDA:0,(anonymous_0)
FNDA:0,(anonymous_1)
FNDA:0,(anonymous_2)
FNDA:0,(anonymous_3)
FNDA:0,(anonymous_4)
FNDA:0,mapStateToProps
DA:2,1
DA:3,1
DA:4,1
DA:5,1
DA:8,0
DA:9,0
DA:10,0
DA:11,0
DA:19,0
DA:25,0
DA:29,1
LF:11
LH:5
BRF:0
BRH:0
end_of_record
TN:
SF:/home/harishsoni/Harish/testApp/src/components/TODOList/TODOList.tsx
FN:7,(anonymous_0)
FN:9,(anonymous_1)
FN:10,(anonymous_2)
FN:14,(anonymous_3)
FN:17,(anonymous_4)
FN:19,(anonymous_5)
FN:23,(anonymous_6)
FN:29,mapStateToProps
FNF:8
FNH:0
FNDA:0,(anonymous_0)
FNDA:0,(anonymous_1)
FNDA:0,(anonymous_2)
FNDA:0,(anonymous_3)
FNDA:0,(anonymous_4)
FNDA:0,(anonymous_5)
FNDA:0,(anonymous_6)
FNDA:0,mapStateToProps
DA:2,1
DA:3,1
DA:4,1
DA:5,1
DA:8,0
DA:9,0
DA:10,0
DA:11,0
DA:14,0
DA:17,0
DA:19,0
DA:24,0
DA:30,0
DA:34,1
LF:14
LH:5
BRF:0
BRH:0
end_of_record
