{
"/home/harishsoni/Harish/testApp/dist/actions/index.tsxx":{"path":"/home/harishsoni/Harish/testApp/dist/actions/index.tsxx","statementMap":{"1":{"start":{"line":9,"column":3},"end":{"line":12,"column":6}},"2":{"start":{"line":8,"column":0},"end":{"line":13,"column":1}},"3":{"start":{"line":16,"column":3},"end":{"line":19,"column":6}},"4":{"start":{"line":15,"column":0},"end":{"line":20,"column":1}},"5":{"start":{"line":23,"column":4},"end":{"line":26,"column":6}},"6":{"start":{"line":22,"column":0},"end":{"line":27,"column":1}},"7":{"start":{"line":30,"column":4},"end":{"line":33,"column":6}},"8":{"start":{"line":29,"column":0},"end":{"line":34,"column":1}}},"fnMap":{"1":{"name":"doneTodo","line":8,"loc":{"start":{"line":8,"column":35},"end":{"line":13,"column":1}}},"2":{"name":"toBeDone","line":15,"loc":{"start":{"line":15,"column":35},"end":{"line":20,"column":1}}},"3":{"name":"moveUp","line":22,"loc":{"start":{"line":22,"column":33},"end":{"line":27,"column":1}}},"4":{"name":"moveDown","line":29,"loc":{"start":{"line":29,"column":35},"end":{"line":34,"column":1}}}},"branchMap":{},"s":{"1":1,"2":4,"3":1,"4":4,"5":1,"6":4,"7":1,"8":4},"b":{},"f":{"1":1,"2":1,"3":1,"4":1},"code":["export interface ITodo {","    type: string;","    id: number;","}","","export type TodoAction = ITodo;","","export function doneTodo(id: number): ITodo {","   return{","        type : 'DONE',","        id","    };","}","","export function toBeDone(id: number): ITodo {","   return {","        type : 'TOBEDONE',","        id","    };","}","","export function moveUp(id: number): ITodo {","    return {","        type: 'MOVEUP',","        id","    };","}","","export function moveDown(id: number): ITodo {","    return {","        type: 'MOVEDOWN',","        id","    };","}"],"l":{"8":4,"9":1,"15":4,"16":1,"22":4,"23":1,"29":4,"30":1}},
"/home/harishsoni/Harish/testApp/dist/components/App/App.tsxx":{"path":"/home/harishsoni/Harish/testApp/dist/components/App/App.tsxx","statementMap":{"1":{"start":{"line":1,"column":0},"end":{"line":1,"column":30}},"2":{"start":{"line":2,"column":0},"end":{"line":2,"column":19}},"3":{"start":{"line":3,"column":0},"end":{"line":3,"column":51}},"4":{"start":{"line":4,"column":0},"end":{"line":4,"column":51}},"5":{"start":{"line":5,"column":0},"end":{"line":5,"column":33}},"6":{"start":{"line":6,"column":0},"end":{"line":6,"column":44}},"7":{"start":{"line":7,"column":0},"end":{"line":7,"column":43}},"8":{"start":{"line":10,"column":8},"end":{"line":21,"column":10}},"9":{"start":{"line":25,"column":0},"end":{"line":25,"column":19}}},"fnMap":{"1":{"name":"(anonymous_0)","line":9,"loc":{"start":{"line":9,"column":10},"end":{"line":22,"column":5}}}},"branchMap":{},"s":{"1":1,"2":1,"3":1,"4":1,"5":1,"6":1,"7":1,"8":1,"9":1},"b":{},"f":{"1":1},"code":["import * as React from 'react';","import './App.css';","import { TODOList } from '../TODOList/TODOListView';","import { DoneList } from '../DoneList/DoneListView';","import '../../styles/styles.css';","require('bootstrap/dist/css/bootstrap.css');","import '../../styles/font-awesome.min.css';","class App extends React.Component<{}, {}> {","    render() {","        return (","            <div className=\"App container\">","                <h3>TODO List</h3>","                <hr />","                <div className=\"col-md-6 col-xs-6\">","                  <TODOList />","                </div>","                <div className=\"col-md-6 col-xs-6\">","                  <DoneList />","                </div>","            </div>","        );","    }","}","","export default App;",""],"l":{"1":1,"2":1,"3":1,"4":1,"5":1,"6":1,"7":1,"10":1,"25":1}},
"/home/harishsoni/Harish/testApp/dist/components/DoneList/DoneListView.tsxx":{"path":"/home/harishsoni/Harish/testApp/dist/components/DoneList/DoneListView.tsxx","statementMap":{"1":{"start":{"line":1,"column":0},"end":{"line":1,"column":30}},"2":{"start":{"line":2,"column":0},"end":{"line":2,"column":37}},"3":{"start":{"line":3,"column":0},"end":{"line":3,"column":46}},"4":{"start":{"line":21,"column":4},"end":{"line":43,"column":5}},"5":{"start":{"line":22,"column":8},"end":{"line":42,"column":10}},"6":{"start":{"line":24,"column":16},"end":{"line":40,"column":18}},"7":{"start":{"line":28,"column":39},"end":{"line":28,"column":67}},"8":{"start":{"line":46,"column":8},"end":{"line":53,"column":10}},"9":{"start":{"line":19,"column":0},"end":{"line":55,"column":1}},"10":{"start":{"line":58,"column":4},"end":{"line":60,"column":6}},"11":{"start":{"line":57,"column":0},"end":{"line":61,"column":1}},"12":{"start":{"line":62,"column":15},"end":{"line":62,"column":74}},"13":{"start":{"line":63,"column":8},"end":{"line":63,"column":16}}},"fnMap":{"1":{"name":"(anonymous_0)","line":19,"loc":{"start":{"line":19,"column":0},"end":{"line":55,"column":1}}},"2":{"name":"(anonymous_1)","line":21,"loc":{"start":{"line":21,"column":21},"end":{"line":43,"column":5}}},"3":{"name":"(anonymous_2)","line":23,"loc":{"start":{"line":23,"column":36},"end":{"line":41,"column":13}}},"4":{"name":"(anonymous_3)","line":28,"loc":{"start":{"line":28,"column":39},"end":{"line":28,"column":67}}},"5":{"name":"(anonymous_4)","line":45,"loc":{"start":{"line":45,"column":10},"end":{"line":54,"column":5}}},"6":{"name":"mapStateToProps","line":57,"loc":{"start":{"line":57,"column":45},"end":{"line":61,"column":1}}}},"branchMap":{},"s":{"1":2,"2":2,"3":2,"4":1,"5":1,"6":1,"7":1,"8":1,"9":2,"10":2,"11":2,"12":2,"13":2},"b":{},"f":{"1":1,"2":1,"3":1,"4":1,"5":1,"6":2},"code":["import * as React from 'react';","import { connect } from 'react-redux';","import { toBeDone } from '../../actions/index';","","interface IDoneList {","    done: IDone[];","    toBeDone: Function;","}","","interface IState {","    done: IDone[];","}","","interface IDone {","    id: number;","    todo: string;","}","","export class DoneListView extends React.Component<IDoneList, {}> {","","    renderDoneList = () => {","        return (","            this.props.done.map(item => {","                return (","                    <li","                        key={item.id}","                        className=\"list-group-item\"","                        onClick={() => this.props.toBeDone(item.id)}","                    >{item.todo}","                        <div","                            className=\"list-item right-button\"","                        >","                            <i","                                className=\"fa fa-check-square-o\"","                                aria-hidden=\"true\"","                            />","                        </div>","                    </li>","","                );","            })","        );","    }","","    render() {","        return (","            <div>","                <h4>Done</h4>","                <ul className=\"list-group\">","                    {this.renderDoneList()}","                </ul>","            </div>","        );","    }","}","","export function mapStateToProps(state: IState) {","    return {","        done: state.done","    };","}","let DoneList = connect(mapStateToProps, { toBeDone })(DoneListView as any);","export {DoneList};",""],"l":{"1":2,"2":2,"3":2,"19":2,"21":1,"22":1,"24":1,"28":1,"46":1,"57":2,"58":2,"62":2,"63":2}},
"/home/harishsoni/Harish/testApp/dist/components/TODOList/TODOListView.tsxx":{"path":"/home/harishsoni/Harish/testApp/dist/components/TODOList/TODOListView.tsxx","statementMap":{"1":{"start":{"line":1,"column":0},"end":{"line":1,"column":30}},"2":{"start":{"line":2,"column":0},"end":{"line":2,"column":37}},"3":{"start":{"line":3,"column":0},"end":{"line":3,"column":64}},"4":{"start":{"line":22,"column":4},"end":{"line":64,"column":5}},"5":{"start":{"line":23,"column":8},"end":{"line":63,"column":10}},"6":{"start":{"line":25,"column":16},"end":{"line":61,"column":18}},"7":{"start":{"line":35,"column":47},"end":{"line":35,"column":73}},"8":{"start":{"line":46,"column":47},"end":{"line":46,"column":75}},"9":{"start":{"line":55,"column":47},"end":{"line":55,"column":75}},"10":{"start":{"line":67,"column":8},"end":{"line":74,"column":10}},"11":{"start":{"line":20,"column":0},"end":{"line":77,"column":1}},"12":{"start":{"line":80,"column":4},"end":{"line":82,"column":6}},"13":{"start":{"line":79,"column":0},"end":{"line":83,"column":1}},"14":{"start":{"line":85,"column":16},"end":{"line":85,"column":93}},"15":{"start":{"line":86,"column":10},"end":{"line":86,"column":18}}},"fnMap":{"1":{"name":"(anonymous_0)","line":20,"loc":{"start":{"line":20,"column":0},"end":{"line":77,"column":1}}},"2":{"name":"(anonymous_1)","line":22,"loc":{"start":{"line":22,"column":21},"end":{"line":64,"column":5}}},"3":{"name":"(anonymous_2)","line":24,"loc":{"start":{"line":24,"column":37},"end":{"line":62,"column":13}}},"4":{"name":"(anonymous_3)","line":35,"loc":{"start":{"line":35,"column":47},"end":{"line":35,"column":73}}},"5":{"name":"(anonymous_4)","line":46,"loc":{"start":{"line":46,"column":47},"end":{"line":46,"column":75}}},"6":{"name":"(anonymous_5)","line":55,"loc":{"start":{"line":55,"column":47},"end":{"line":55,"column":75}}},"7":{"name":"(anonymous_6)","line":66,"loc":{"start":{"line":66,"column":10},"end":{"line":75,"column":5}}},"8":{"name":"mapStateToProps","line":79,"loc":{"start":{"line":79,"column":45},"end":{"line":83,"column":1}}}},"branchMap":{},"s":{"1":2,"2":2,"3":2,"4":1,"5":1,"6":1,"7":1,"8":1,"9":1,"10":1,"11":2,"12":2,"13":2,"14":2,"15":2},"b":{},"f":{"1":1,"2":1,"3":1,"4":1,"5":1,"6":1,"7":1,"8":2},"code":["import * as React from 'react';","import { connect } from 'react-redux';","import { doneTodo, moveUp, moveDown } from '../../actions/index';","","interface ITODOList {","    items: IItems[];","    doneTodo: Function;","    moveUp: Function;","    moveDown: Function;","}","","interface IState {","    todo: IItems[];","}","interface IItems {","    id: number;","    todo: string;","}","","export class TODOListView extends React.Component<ITODOList, {}> {","   ","    renderTODOList = () => {","        return (","            this.props.items.map(item => {","                return (","                    <li","                        key={item.id}","                        className=\"list-group-item\"","                    >","                        {item.todo}","                        <div","                            className=\"list-item left-button\"","                        >","                            <i","                                onClick={() => this.props.moveUp(item.id)}","                                className=\"fa fa-chevron-up\"","                                aria-hidden=\"true\"","                            />","","                        </div>","                        &nbsp;","                        <div","                            className=\"list-item left-button\"","                        >","                            <i","                                onClick={() => this.props.moveDown(item.id)}","                                className=\"fa fa-chevron-down\"","                                aria-hidden=\"true\"","                            />","                        </div>","                        <div","                            className=\"list-item right-button\"","                        >","                            <i","                                onClick={() => this.props.doneTodo(item.id)}","                                className=\"fa fa-square-o\"","                                aria-hidden=\"true\"","                            />","                        </div>","                    </li>","                );","            })  ","        );","    }","","    render() {","        return (","            <div>","                <h4>TODO Items</h4>","                <ul className=\"list-group\">","                    {this.renderTODOList()}","                </ul>","            </div>","        );","    }","","}","","export function mapStateToProps(state: IState) {","    return {","        items: state.todo","    };","}","","let TODOList  = connect(mapStateToProps, { doneTodo, moveUp, moveDown })(TODOListView as any);","export  { TODOList };"],"l":{"1":2,"2":2,"3":2,"20":2,"22":1,"23":1,"25":1,"35":1,"46":1,"55":1,"67":1,"79":2,"80":2,"85":2,"86":2}},
"/home/harishsoni/Harish/testApp/dist/reducer/doneReducer.tsxx":{"path":"/home/harishsoni/Harish/testApp/dist/reducer/doneReducer.tsxx","statementMap":{"1":{"start":{"line":3,"column":0},"end":{"line":3,"column":40}},"2":{"start":{"line":7,"column":4},"end":{"line":18,"column":5}},"3":{"start":{"line":9,"column":23},"end":{"line":9,"column":50}},"4":{"start":{"line":10,"column":12},"end":{"line":10,"column":24}},"5":{"start":{"line":13,"column":26},"end":{"line":13,"column":69}},"6":{"start":{"line":13,"column":47},"end":{"line":13,"column":68}},"7":{"start":{"line":14,"column":12},"end":{"line":14,"column":27}},"8":{"start":{"line":17,"column":12},"end":{"line":17,"column":25}},"9":{"start":{"line":5,"column":0},"end":{"line":19,"column":1}}},"fnMap":{"1":{"name":"done","line":5,"loc":{"start":{"line":5,"column":61},"end":{"line":19,"column":1}}},"2":{"name":"(anonymous_1)","line":13,"loc":{"start":{"line":13,"column":47},"end":{"line":13,"column":68}}}},"branchMap":{"1":{"line":5,"type":"default-arg","locations":[{"start":{"line":5,"column":39},"end":{"line":5,"column":41}}]},"2":{"line":8,"type":"switch","locations":[{"start":{"line":8,"column":8},"end":{"line":10,"column":24}},{"start":{"line":12,"column":8},"end":{"line":14,"column":27}},{"start":{"line":16,"column":8},"end":{"line":17,"column":25}}]}},"s":{"1":1,"2":3,"3":1,"4":1,"5":1,"6":2,"7":1,"8":1,"9":1},"b":{"1":[1],"2":[1,1,1]},"f":{"1":3,"2":2},"code":["import { TodoAction } from '../actions';","import { IState } from '../../src/interfaces';","import { mark } from './helperFunctions';","","export function done(state: IState[] = [], action: TodoAction) {","","    switch (action.type) {","        case 'DONE':","            let list = [...state, mark(action.id)];","            return list;","","        case 'TOBEDONE':","            let newList = state.filter(item => item.id !== action.id);","            return newList;","","        default:","            return state;","    }","}"],"l":{"3":1,"5":1,"7":3,"9":1,"10":1,"13":2,"14":1,"17":1}},
"/home/harishsoni/Harish/testApp/dist/reducer/helperFunctions.tsxx":{"path":"/home/harishsoni/Harish/testApp/dist/reducer/helperFunctions.tsxx","statementMap":{"1":{"start":{"line":1,"column":13},"end":{"line":1,"column":42}},"2":{"start":{"line":5,"column":21},"end":{"line":5,"column":69}},"3":{"start":{"line":5,"column":54},"end":{"line":5,"column":68}},"4":{"start":{"line":6,"column":4},"end":{"line":6,"column":22}},"5":{"start":{"line":4,"column":0},"end":{"line":7,"column":1}},"6":{"start":{"line":10,"column":19},"end":{"line":10,"column":64}},"7":{"start":{"line":10,"column":52},"end":{"line":10,"column":63}},"8":{"start":{"line":11,"column":4},"end":{"line":11,"column":20}},"9":{"start":{"line":9,"column":0},"end":{"line":12,"column":1}},"10":{"start":{"line":16,"column":18},"end":{"line":16,"column":54}},"11":{"start":{"line":16,"column":39},"end":{"line":16,"column":53}},"12":{"start":{"line":17,"column":14},"end":{"line":17,"column":71}},"13":{"start":{"line":17,"column":56},"end":{"line":17,"column":70}},"14":{"start":{"line":19,"column":4},"end":{"line":28,"column":5}},"15":{"start":{"line":20,"column":8},"end":{"line":22,"column":9}},"16":{"start":{"line":21,"column":12},"end":{"line":21,"column":25}},"17":{"start":{"line":23,"column":8},"end":{"line":23,"column":45}},"18":{"start":{"line":24,"column":8},"end":{"line":24,"column":23}},"19":{"start":{"line":26,"column":8},"end":{"line":26,"column":45}},"20":{"start":{"line":27,"column":8},"end":{"line":27,"column":23}},"21":{"start":{"line":14,"column":0},"end":{"line":29,"column":1}}},"fnMap":{"1":{"name":"mark","line":4,"loc":{"start":{"line":4,"column":31},"end":{"line":7,"column":1}}},"2":{"name":"(anonymous_1)","line":5,"loc":{"start":{"line":5,"column":54},"end":{"line":5,"column":68}}},"3":{"name":"done","line":9,"loc":{"start":{"line":9,"column":31},"end":{"line":12,"column":1}}},"4":{"name":"(anonymous_3)","line":10,"loc":{"start":{"line":10,"column":52},"end":{"line":10,"column":63}}},"5":{"name":"move","line":14,"loc":{"start":{"line":14,"column":62},"end":{"line":29,"column":1}}},"6":{"name":"(anonymous_5)","line":16,"loc":{"start":{"line":16,"column":39},"end":{"line":16,"column":53}}},"7":{"name":"(anonymous_6)","line":17,"loc":{"start":{"line":17,"column":56},"end":{"line":17,"column":70}}}},"branchMap":{"1":{"line":19,"type":"if","locations":[{"start":{"line":19,"column":4},"end":{"line":28,"column":5}},{"start":{"line":19,"column":4},"end":{"line":28,"column":5}}]},"2":{"line":20,"type":"if","locations":[{"start":{"line":20,"column":8},"end":{"line":22,"column":9}},{"start":{"line":20,"column":8},"end":{"line":22,"column":9}}]}},"s":{"1":2,"2":1,"3":2,"4":1,"5":2,"6":1,"7":2,"8":1,"9":2,"10":3,"11":5,"12":3,"13":4,"14":3,"15":2,"16":1,"17":1,"18":1,"19":1,"20":1,"21":2},"b":{"1":[2,1],"2":[1,1]},"f":{"1":1,"2":2,"3":1,"4":2,"5":3,"6":5,"7":4},"code":["const data = require('../data/todos.json');","import { IState } from '../../src/interfaces';","","export function mark(id: number) {","    let moveToDone = data.find((todo:{id: number}) => todo.id === id);","    return moveToDone;","};","","export function done(id: number) {","    let todoItem = data.find((c: { id: number }) => c.id === id);","    return todoItem;","}","","export function move(type: string, id: number, state: IState[]) {","","    let newList = state.filter(item => item.id !== id);","    let pos = state.findIndex((item: { id: number }) => item.id === id);","","    if (type === 'MOVEUP') {","        if (pos === 0) {","            return state;","        }","        newList.splice(pos - 1, 0, data[id]);","        return newList;","    } else {","        newList.splice(pos + 1, 0, data[id]);","        return newList;","    }","}",""],"l":{"1":2,"4":2,"5":2,"6":1,"9":2,"10":2,"11":1,"14":2,"16":5,"17":4,"19":3,"20":2,"21":1,"23":1,"24":1,"26":1,"27":1}},
"/home/harishsoni/Harish/testApp/dist/reducer/todoReducer.tsxx":{"path":"/home/harishsoni/Harish/testApp/dist/reducer/todoReducer.tsxx","statementMap":{"1":{"start":{"line":3,"column":0},"end":{"line":3,"column":46}},"2":{"start":{"line":4,"column":13},"end":{"line":4,"column":42}},"3":{"start":{"line":8,"column":4},"end":{"line":27,"column":5}},"4":{"start":{"line":10,"column":23},"end":{"line":10,"column":66}},"5":{"start":{"line":10,"column":44},"end":{"line":10,"column":65}},"6":{"start":{"line":11,"column":12},"end":{"line":11,"column":24}},"7":{"start":{"line":14,"column":27},"end":{"line":14,"column":54}},"8":{"start":{"line":15,"column":12},"end":{"line":15,"column":28}},"9":{"start":{"line":18,"column":26},"end":{"line":18,"column":61}},"10":{"start":{"line":19,"column":12},"end":{"line":19,"column":27}},"11":{"start":{"line":22,"column":27},"end":{"line":22,"column":62}},"12":{"start":{"line":23,"column":12},"end":{"line":23,"column":28}},"13":{"start":{"line":26,"column":12},"end":{"line":26,"column":25}},"14":{"start":{"line":6,"column":0},"end":{"line":28,"column":1}}},"fnMap":{"1":{"name":"todo","line":6,"loc":{"start":{"line":6,"column":63},"end":{"line":28,"column":1}}},"2":{"name":"(anonymous_1)","line":10,"loc":{"start":{"line":10,"column":44},"end":{"line":10,"column":65}}}},"branchMap":{"1":{"line":6,"type":"default-arg","locations":[{"start":{"line":6,"column":39},"end":{"line":6,"column":43}}]},"2":{"line":9,"type":"switch","locations":[{"start":{"line":9,"column":8},"end":{"line":11,"column":24}},{"start":{"line":13,"column":8},"end":{"line":15,"column":28}},{"start":{"line":17,"column":8},"end":{"line":19,"column":27}},{"start":{"line":21,"column":8},"end":{"line":23,"column":28}},{"start":{"line":25,"column":8},"end":{"line":26,"column":25}}]}},"s":{"1":1,"2":1,"3":6,"4":1,"5":2,"6":1,"7":1,"8":1,"9":2,"10":2,"11":1,"12":1,"13":1,"14":1},"b":{"1":[1],"2":[1,1,2,1,1]},"f":{"1":6,"2":2},"code":["import { TodoAction } from '../actions';","import { IState } from '../../src/interfaces';","import { move, done } from './helperFunctions';","const data = require('../data/todos.json');","","export function todo(state: IState[] = data, action: TodoAction) {","","    switch (action.type) {","        case 'DONE':","            let list = state.filter(item => item.id !== action.id);","            return list;","","        case 'TOBEDONE':","            let doneList = [...state, done(action.id)];","            return doneList;","","        case 'MOVEUP':","            let newList = move(action.type, action.id, state);","            return newList;","","        case 'MOVEDOWN':","            let downList = move(action.type, action.id, state);","            return downList;","","        default:","            return state;","    }","}"],"l":{"3":1,"4":1,"6":1,"8":6,"10":2,"11":1,"14":1,"15":1,"18":2,"19":2,"22":1,"23":1,"26":1}}}
